info it worked if it ends with ok
verbose cli [ 'node',
verbose cli   '/usr/local/bin/npm',
verbose cli   'install',
verbose cli   'recess',
verbose cli   'connect',
verbose cli   'uglify-js',
verbose cli   'jshint',
verbose cli   '-g' ]
info using npm@1.1.24
info using node@v0.6.19
verbose config file /home/max/.npmrc
verbose config file /usr/local/etc/npmrc
verbose config file /usr/local/lib/node_modules/npm/npmrc
verbose cache add [ 'recess', null ]
silly cache add: name, spec, args [ undefined, 'recess', [ 'recess', null ] ]
verbose parsed url { pathname: 'recess', path: 'recess', href: 'recess' }
verbose cache add [ 'connect', null ]
silly cache add: name, spec, args [ undefined, 'connect', [ 'connect', null ] ]
verbose parsed url { pathname: 'connect', path: 'connect', href: 'connect' }
verbose cache add [ 'uglify-js', null ]
silly cache add: name, spec, args [ undefined, 'uglify-js', [ 'uglify-js', null ] ]
verbose parsed url { pathname: 'uglify-js', path: 'uglify-js', href: 'uglify-js' }
verbose cache add [ 'jshint', null ]
silly cache add: name, spec, args [ undefined, 'jshint', [ 'jshint', null ] ]
verbose parsed url { pathname: 'jshint', path: 'jshint', href: 'jshint' }
verbose addNamed [ 'recess', '' ]
verbose addNamed [ null, '' ]
silly name, range, hasData [ 'recess', '', false ]
verbose addNamed [ 'connect', '' ]
verbose addNamed [ null, '' ]
silly name, range, hasData [ 'connect', '', false ]
verbose addNamed [ 'uglify-js', '' ]
verbose addNamed [ null, '' ]
silly name, range, hasData [ 'uglify-js', '', false ]
verbose addNamed [ 'jshint', '' ]
verbose addNamed [ null, '' ]
silly name, range, hasData [ 'jshint', '', false ]
verbose raw, before any munging uglify-js
verbose url resolving [ 'https://registry.npmjs.org/', './uglify-js' ]
verbose url resolved https://registry.npmjs.org/uglify-js
verbose etag "6I0EXSHFRXX2W2YU6RMYKMX0K"
http GET https://registry.npmjs.org/uglify-js
verbose raw, before any munging recess
verbose url resolving [ 'https://registry.npmjs.org/', './recess' ]
verbose url resolved https://registry.npmjs.org/recess
verbose etag "4466XCOAX21S27Y6AIRS7MZMP"
http GET https://registry.npmjs.org/recess
verbose raw, before any munging jshint
verbose url resolving [ 'https://registry.npmjs.org/', './jshint' ]
verbose url resolved https://registry.npmjs.org/jshint
verbose etag "ADTYE7AP2HFZJ6D5LURAV5BT5"
http GET https://registry.npmjs.org/jshint
verbose raw, before any munging connect
verbose url resolving [ 'https://registry.npmjs.org/', './connect' ]
verbose url resolved https://registry.npmjs.org/connect
verbose etag "CDYC7Y209AZF1LOXVSLUR2E49"
http GET https://registry.npmjs.org/connect
http 304 https://registry.npmjs.org/uglify-js
silly get cb [ 304,
silly get cb   { server: 'CouchDB/1.2.0 (Erlang OTP/R15B)',
silly get cb     etag: '"6I0EXSHFRXX2W2YU6RMYKMX0K"',
silly get cb     date: 'Mon, 26 Nov 2012 05:04:26 GMT',
silly get cb     'content-length': '0' } ]
verbose etag uglify-js from cache
silly name, range, hasData 2 [ 'uglify-js', '', true ]
silly versions [ 'uglify-js',
silly versions   [ '0.0.1',
silly versions     '0.0.2',
silly versions     '0.0.3',
silly versions     '0.0.4',
silly versions     '0.0.5',
silly versions     '1.0.1',
silly versions     '1.0.2',
silly versions     '1.0.3',
silly versions     '1.0.4',
silly versions     '1.0.5',
silly versions     '1.0.6',
silly versions     '1.0.7',
silly versions     '1.1.0',
silly versions     '1.1.1',
silly versions     '1.2.0',
silly versions     '1.2.1',
silly versions     '1.2.2',
silly versions     '1.2.3',
silly versions     '1.2.4',
silly versions     '1.2.5',
silly versions     '1.2.6',
silly versions     '1.3.0',
silly versions     '1.3.1',
silly versions     '1.3.2',
silly versions     '1.3.3',
silly versions     '1.3.4',
silly versions     '2.2.0',
silly versions     '2.2.1' ] ]
verbose bin dist [ '0.6-ares1.7.5-DEV-evundefined-openssl0.9.8o-v83.6.6.25-linux-ia32-2.6.38-13-generic',
verbose bin dist   { shasum: 'c47e5f0ac40ea8cd951584d7cb08251085a02ea0',
verbose bin dist     tarball: 'http://registry.npmjs.org/uglify-js/-/uglify-js-2.2.1.tgz' } ]
verbose caching /home/max/.npm/uglify-js/2.2.1/package/package.json
verbose loadDefaults uglify-js@2.2.1
http 304 https://registry.npmjs.org/connect
silly get cb [ 304,
silly get cb   { server: 'CouchDB/1.2.0 (Erlang OTP/R15B)',
silly get cb     etag: '"CDYC7Y209AZF1LOXVSLUR2E49"',
silly get cb     date: 'Mon, 26 Nov 2012 05:04:26 GMT',
silly get cb     'content-length': '0' } ]
verbose etag connect from cache
silly name, range, hasData 2 [ 'connect', '', true ]
silly versions [ 'connect',
silly versions   [ '0.0.1',
silly versions     '0.0.2',
silly versions     '0.0.3',
silly versions     '0.0.4',
silly versions     '0.0.5',
silly versions     '0.0.6',
silly versions     '0.1.0',
silly versions     '0.2.0',
silly versions     '0.2.1',
silly versions     '0.2.2',
silly versions     '0.2.3',
silly versions     '0.2.4',
silly versions     '0.2.5',
silly versions     '0.2.6',
silly versions     '0.2.7',
silly versions     '0.3.0',
silly versions     '0.4.0',
silly versions     '0.5.0',
silly versions     '0.5.1',
silly versions     '0.5.2',
silly versions     '0.5.3',
silly versions     '0.5.4',
silly versions     '0.5.5',
silly versions     '0.5.6',
silly versions     '0.5.7',
silly versions     '0.5.8',
silly versions     '0.5.9',
silly versions     '0.5.10',
silly versions     '1.0.0',
silly versions     '1.0.1',
silly versions     '1.7.2',
silly versions     '1.7.3',
silly versions     '1.8.0',
silly versions     '1.8.1',
silly versions     '1.8.2',
silly versions     '1.8.3',
silly versions     '1.8.4',
silly versions     '1.8.5',
silly versions     '2.0.0',
silly versions     '2.0.1',
silly versions     '2.0.2',
silly versions     '2.0.3',
silly versions     '1.8.6',
silly versions     '2.1.0',
silly versions     '2.1.1',
silly versions     '2.1.2',
silly versions     '1.8.7',
silly versions     '2.1.3',
silly versions     '2.2.0',
silly versions     '2.2.1',
silly versions     '2.2.2',
silly versions     '2.3.0',
silly versions     '2.3.1',
silly versions     '2.3.2',
silly versions     '2.3.3',
silly versions     '1.9.0',
silly versions     '1.9.1',
silly versions     '2.3.4',
silly versions     '2.3.5',
silly versions     '2.3.6',
silly versions     '2.3.7',
silly versions     '1.9.2',
silly versions     '2.3.8',
silly versions     '2.3.9',
silly versions     '2.4.0',
silly versions     '2.4.1',
silly versions     '2.4.2',
silly versions     '2.4.3',
silly versions     '2.4.4',
silly versions     '2.4.5',
silly versions     '2.4.6',
silly versions     '2.5.0',
silly versions     '2.6.0',
silly versions     '2.6.1',
silly versions     '2.6.2',
silly versions     '2.7.0' ] ]
verbose bin dist [ '0.6-ares1.7.5-DEV-evundefined-openssl0.9.8o-v83.6.6.25-linux-ia32-2.6.38-13-generic',
verbose bin dist   { shasum: '52f5626d823c0848a87410f80de0ace2aa52ad95',
verbose bin dist     tarball: 'http://registry.npmjs.org/connect/-/connect-2.7.0.tgz' } ]
verbose caching /home/max/.npm/connect/2.7.0/package/package.json
verbose loadDefaults connect@2.7.0
http 304 https://registry.npmjs.org/jshint
silly get cb [ 304,
silly get cb   { server: 'CouchDB/1.2.0 (Erlang OTP/R15B)',
silly get cb     etag: '"ADTYE7AP2HFZJ6D5LURAV5BT5"',
silly get cb     date: 'Mon, 26 Nov 2012 05:04:26 GMT',
silly get cb     'content-length': '0' } ]
verbose etag jshint from cache
silly name, range, hasData 2 [ 'jshint', '', true ]
silly versions [ 'jshint',
silly versions   [ '0.1.8',
silly versions     '0.1.9',
silly versions     '0.2.0',
silly versions     '0.2.1',
silly versions     '0.2.2',
silly versions     '0.2.3',
silly versions     '0.3.0',
silly versions     '0.3.1',
silly versions     '0.4.0',
silly versions     '0.5.0',
silly versions     '0.5.1',
silly versions     '0.5.2',
silly versions     '0.5.3',
silly versions     '0.5.4',
silly versions     '0.5.5',
silly versions     '0.5.6',
silly versions     '0.5.7',
silly versions     '0.5.8',
silly versions     '0.5.9',
silly versions     '0.6.0',
silly versions     '0.6.1',
silly versions     '0.6.2',
silly versions     '0.6.3',
silly versions     '0.7.0',
silly versions     '0.7.1',
silly versions     '0.7.2',
silly versions     '0.7.3',
silly versions     '0.8.0',
silly versions     '0.8.1',
silly versions     '0.8.2',
silly versions     '0.9.0',
silly versions     '0.9.1' ] ]
verbose bin dist [ '0.6-ares1.7.5-DEV-evundefined-openssl0.9.8o-v83.6.6.25-linux-ia32-2.6.38-13-generic',
verbose bin dist   { shasum: 'ff32ec7f09f84001f7498eeafd63c9e4fbb2dc0e',
verbose bin dist     tarball: 'http://registry.npmjs.org/jshint/-/jshint-0.9.1.tgz' } ]
verbose caching /home/max/.npm/jshint/0.9.1/package/package.json
verbose loadDefaults jshint@0.9.1
http 304 https://registry.npmjs.org/recess
silly get cb [ 304,
silly get cb   { server: 'CouchDB/1.2.0 (Erlang OTP/R15B)',
silly get cb     etag: '"4466XCOAX21S27Y6AIRS7MZMP"',
silly get cb     date: 'Mon, 26 Nov 2012 05:04:26 GMT',
silly get cb     'content-length': '0' } ]
verbose etag recess from cache
silly name, range, hasData 2 [ 'recess', '', true ]
silly versions [ 'recess',
silly versions   [ '0.1.0',
silly versions     '1.0.0',
silly versions     '1.0.1',
silly versions     '1.0.2',
silly versions     '1.0.3',
silly versions     '1.0.4',
silly versions     '1.1.0',
silly versions     '1.1.1',
silly versions     '1.1.3',
silly versions     '1.1.4',
silly versions     '1.1.5',
silly versions     '1.1.6' ] ]
verbose bin dist [ '0.6-ares1.7.5-DEV-evundefined-openssl0.9.8o-v83.6.6.25-linux-ia32-2.6.38-13-generic',
verbose bin dist   { shasum: '0b1ffaff9fe87082bc126dbca3f9ebdf739a459f',
verbose bin dist     tarball: 'http://registry.npmjs.org/recess/-/recess-1.1.6.tgz' } ]
verbose caching /home/max/.npm/recess/1.1.6/package/package.json
verbose loadDefaults recess@1.1.6
silly resolved [ { name: 'uglify-js',
silly resolved     description: 'JavaScript parser, mangler/compressor and beautifier toolkit',
silly resolved     homepage: 'http://lisperator.net/uglifyjs',
silly resolved     main: 'tools/node.js',
silly resolved     version: '2.2.1',
silly resolved     engines: { node: '>=0.4.0' },
silly resolved     maintainers: 
silly resolved      [ { name: 'Mihai Bazon',
silly resolved          email: 'mihai.bazon@gmail.com',
silly resolved          url: 'http://lisperator.net/' } ],
silly resolved     repositories: [ { type: 'git', url: 'https://github.com/mishoo/UglifyJS2.git' } ],
silly resolved     dependencies: { 'source-map': '~0.1.7', optimist: '~0.3.5' },
silly resolved     bin: { uglifyjs: 'bin/uglifyjs' },
silly resolved     scripts: { test: 'node test/run-tests.js' },
silly resolved     _id: 'uglify-js@2.2.1',
silly resolved     devDependencies: {},
silly resolved     optionalDependencies: {},
silly resolved     _engineSupported: true,
silly resolved     _npmVersion: '1.1.24',
silly resolved     _nodeVersion: 'v0.6.19',
silly resolved     _defaultsLoaded: true,
silly resolved     _from: 'uglify-js' },
silly resolved   { name: 'connect',
silly resolved     version: '2.7.0',
silly resolved     description: 'High performance middleware framework',
silly resolved     keywords: [ 'framework', 'web', 'middleware', 'connect', 'rack' ],
silly resolved     repository: { type: 'git', url: 'git://github.com/senchalabs/connect.git' },
silly resolved     author: 
silly resolved      { name: 'TJ Holowaychuk',
silly resolved        email: 'tj@vision-media.ca',
silly resolved        url: 'http://tjholowaychuk.com' },
silly resolved     dependencies: 
silly resolved      { qs: '0.5.1',
silly resolved        formidable: '1.0.11',
silly resolved        'cookie-signature': '0.0.1',
silly resolved        crc: '0.2.0',
silly resolved        cookie: '0.0.5',
silly resolved        bytes: '0.1.0',
silly resolved        send: '0.1.0',
silly resolved        fresh: '0.1.0',
silly resolved        pause: '0.0.1',
silly resolved        debug: '*' },
silly resolved     devDependencies: { should: '*', mocha: '*', jade: '*', dox: '*' },
silly resolved     main: 'index',
silly resolved     engines: { node: '>= 0.5.0' },
silly resolved     scripts: { test: 'make' },
silly resolved     _id: 'connect@2.7.0',
silly resolved     optionalDependencies: {},
silly resolved     _engineSupported: true,
silly resolved     _npmVersion: '1.1.24',
silly resolved     _nodeVersion: 'v0.6.19',
silly resolved     _defaultsLoaded: true,
silly resolved     _from: 'connect' },
silly resolved   { name: 'jshint',
silly resolved     version: '0.9.1',
silly resolved     description: 'A CLI for JSHint',
silly resolved     homepage: 'http://github.com/jshint/node-jshint',
silly resolved     author: 
silly resolved      { name: 'Brent Lintner',
silly resolved        email: 'brent.lintner@gmail.com',
silly resolved        url: 'http://github.com/brentlintner' },
silly resolved     licenses: 
silly resolved      [ { type: 'MIT',
silly resolved          url: 'http://www.opensource.org/licenses/mit-license.php' } ],
silly resolved     bin: { jshint: './bin/hint' },
silly resolved     main: 'packages/jshint/jshint',
silly resolved     files: 
silly resolved      [ 'packages/jshint/README.markdown',
silly resolved        'packages/jshint/jshint.js',
silly resolved        'README.md',
silly resolved        'LICENSE',
silly resolved        'bin/hint',
silly resolved        'lib' ],
silly resolved     dependencies: { cli: '0.4.3', minimatch: '0.0.x' },
silly resolved     devDependencies: { 'jasmine-node': '1.0.x' },
silly resolved     preferGlobal: true,
silly resolved     _id: 'jshint@0.9.1',
silly resolved     optionalDependencies: {},
silly resolved     engines: { node: '*' },
silly resolved     _engineSupported: true,
silly resolved     _npmVersion: '1.1.24',
silly resolved     _nodeVersion: 'v0.6.19',
silly resolved     _defaultsLoaded: true,
silly resolved     _from: 'jshint',
silly resolved     scripts: {} },
silly resolved   { name: 'recess',
silly resolved     description: 'A simple, attractive code quality tool for CSS built on top of LESS',
silly resolved     version: '1.1.6',
silly resolved     author: 
silly resolved      { name: 'Jacob Thornton',
silly resolved        email: 'jacob@twitter.com',
silly resolved        url: 'https://github.com/fat' },
silly resolved     keywords: [ 'css', 'lint' ],
silly resolved     licenses: 
silly resolved      [ { type: 'Apache-2.0',
silly resolved          url: 'http://www.apache.org/licenses/LICENSE-2.0' } ],
silly resolved     main: './lib',
silly resolved     homepage: 'http://twitter.github.com/recess',
silly resolved     engines: { node: '>= 0.4.0' },
silly resolved     dependencies: 
silly resolved      { colors: '>= 0.3.0',
silly resolved        nopt: '>= 1.0.10',
silly resolved        underscore: '>= 1.2.1',
silly resolved        watch: '>= 0.5.1',
silly resolved        less: '>= 1.3.0' },
silly resolved     directories: { bin: './bin' },
silly resolved     scripts: { test: 'node test' },
silly resolved     bin: { recess: './bin/recess' },
silly resolved     preferGlobal: true,
silly resolved     _id: 'recess@1.1.6',
silly resolved     devDependencies: {},
silly resolved     optionalDependencies: {},
silly resolved     _engineSupported: true,
silly resolved     _npmVersion: '1.1.24',
silly resolved     _nodeVersion: 'v0.6.19',
silly resolved     _defaultsLoaded: true,
silly resolved     _from: 'recess' } ]
info into /usr/local/lib uglify-js@2.2.1
info into /usr/local/lib connect@2.7.0
info into /usr/local/lib jshint@0.9.1
info into /usr/local/lib recess@1.1.6
info installOne uglify-js@2.2.1
info installOne connect@2.7.0
info installOne jshint@0.9.1
info installOne recess@1.1.6
verbose from cache /home/max/.npm/uglify-js/2.2.1/package/package.json
info unbuild /usr/local/lib/node_modules/uglify-js
verbose from cache /home/max/.npm/connect/2.7.0/package/package.json
info unbuild /usr/local/lib/node_modules/connect
verbose from cache /home/max/.npm/jshint/0.9.1/package/package.json
info unbuild /usr/local/lib/node_modules/jshint
verbose unpack /home/max/.npm/uglify-js/2.2.1/package.tgz
silly gunzTarPerm modes [ '755', '644' ]
silly extracting entry package.json
silly extracting entry .npmignore
silly extracting entry README.md
verbose from cache /home/max/.npm/recess/1.1.6/package/package.json
info unbuild /usr/local/lib/node_modules/recess
verbose caching /usr/local/lib/node_modules/connect/package.json
info preuninstall connect@2.7.0
verbose caching /usr/local/lib/node_modules/jshint/package.json
info preuninstall jshint@0.9.1
verbose caching /usr/local/lib/node_modules/recess/package.json
info preuninstall recess@1.1.6
info uninstall connect@2.7.0
info uninstall jshint@0.9.1
info uninstall recess@1.1.6
silly extracting entry lib/ast.js
silly extracting entry lib/mozilla-ast.js
verbose unbuild connect@2.7.0 [ true,
verbose unbuild connect@2.7.0   '/usr/local/lib/node_modules',
verbose unbuild connect@2.7.0   '/usr/local/lib/node_modules' ]
info postuninstall connect@2.7.0
verbose unbuild jshint@0.9.1 [ true,
verbose unbuild jshint@0.9.1   '/usr/local/lib/node_modules',
verbose unbuild jshint@0.9.1   '/usr/local/lib/node_modules' ]
verbose binRoot [ '/usr/local/bin', { jshint: './bin/hint' } ]
verbose unbuild recess@1.1.6 [ true,
verbose unbuild recess@1.1.6   '/usr/local/lib/node_modules',
verbose unbuild recess@1.1.6   '/usr/local/lib/node_modules' ]
verbose binRoot [ '/usr/local/bin', { recess: './bin/recess' } ]
info postuninstall jshint@0.9.1
info postuninstall recess@1.1.6
silly extracting entry lib/sourcemap.js
silly extracting entry lib/compress.js
silly extracting entry lib/scope.js
silly extracting entry lib/utils.js
silly extracting entry lib/output.js
silly extracting entry lib/transform.js
silly extracting entry lib/parse.js
silly extracting entry bin/uglifyjs
silly extracting entry test/run-tests.js
silly extracting entry test/compress/issue-22.js
silly extracting entry test/compress/issue-12.js
silly extracting entry test/compress/drop-unused.js
silly extracting entry test/compress/labels.js
silly extracting entry test/compress/sequences.js
silly extracting entry test/compress/blocks.js
silly extracting entry test/compress/switch.js
silly extracting entry test/compress/dead-code.js
silly extracting entry test/compress/loops.js
silly extracting entry test/compress/issue-44.js
silly extracting entry test/compress/debugger.js
silly extracting entry test/compress/properties.js
silly extracting entry test/compress/conditionals.js
silly extracting entry tools/node.js
verbose unpack /home/max/.npm/connect/2.7.0/package.tgz
silly gunzTarPerm modes [ '755', '644' ]
silly extracting entry package.json
verbose unpack /home/max/.npm/recess/1.1.6/package.tgz
silly extracting entry .npmignore
silly extracting entry LICENSE
silly gunzTarPerm modes [ '755', '644' ]
verbose unpack /home/max/.npm/jshint/0.9.1/package.tgz
silly extracting entry package.json
silly gunzTarPerm modes [ '755', '644' ]
silly extracting entry index.js
silly extracting entry test.js
silly extracting entry .npmignore
silly extracting entry README.md
silly extracting entry package.json
silly extracting entry lib/index.js
silly extracting entry lib/connect.js
silly extracting entry lib/proto.js
silly extracting entry README.md
silly extracting entry LICENSE
silly extracting entry LICENSE
silly extracting entry benchmark/index.js
silly extracting entry lib/cache.js
silly extracting entry lib/utils.js
silly extracting entry benchmark/benchmark.less
silly extracting entry lib/index.js
silly extracting entry lib/hint.js
silly extracting entry lib/cli.js
silly extracting entry lib/core.js
silly extracting entry lib/reporters/non_error.js
silly extracting entry lib/util.js
silly extracting entry lib/reporters/checkstyle.js
silly extracting entry lib/min.js
silly extracting entry lib/reporters/jslint_xml.js
silly extracting entry lib/lint/no-overqualifying.js
silly extracting entry lib/reporters/default.js
silly extracting entry lib/patch.js
silly extracting entry lib/middleware/errorHandler.js
silly extracting entry lib/lint/no-IDs.js
silly extracting entry packages/jshint/README.md
silly extracting entry lib/lint/no-underscores.js
silly extracting entry lib/middleware/csrf.js
silly extracting entry lib/middleware/static.js
silly extracting entry packages/jshint/jshint.js
silly extracting entry bin/hint
silly extracting entry lib/middleware/basicAuth.js
silly extracting entry lib/lint/no-JS-prefix.js
silly extracting entry lib/lint/inline-images.js
silly extracting entry lib/middleware/bodyParser.js
silly extracting entry lib/middleware/json.js
silly extracting entry lib/lint/strict-property-order.js
silly extracting entry lib/lint/no-universal-selectors.js
silly extracting entry lib/lint/zero-units.js
silly extracting entry lib/compile/inline-images.js
silly extracting entry lib/compile/strict-property-order.js
silly extracting entry lib/compile/zero-units.js
silly extracting entry lib/compile/prefix-whitespace.js
silly extracting entry makefile
silly extracting entry .travis.yml
silly extracting entry lib/middleware/multipart.js
silly extracting entry lib/middleware/timeout.js
silly extracting entry bin/recess
silly extracting entry test/index.js
silly extracting entry lib/middleware/cookieSession.js
silly extracting entry test/types/compile.js
silly extracting entry lib/middleware/vhost.js
silly extracting entry test/types/lint.js
silly extracting entry test/types/errors.js
silly extracting entry test/compiled/zero-units.css
silly extracting entry test/compiled/no-underscores.css
silly extracting entry test/compiled/prefixes.css
silly extracting entry test/compiled/preboot.css
silly extracting entry lib/middleware/methodOverride.js
silly extracting entry lib/middleware/staticCache.js
silly extracting entry lib/middleware/session.js
silly extracting entry lib/middleware/responseTime.js
silly extracting entry lib/middleware/directory.js
silly extracting entry test/compiled/universal-selectors.css
silly extracting entry test/compiled/inline-images.css
silly extracting entry lib/middleware/urlencoded.js
silly extracting entry lib/middleware/query.js
silly extracting entry test/compiled/property-order.css
silly extracting entry lib/middleware/compress.js
silly extracting entry lib/middleware/limit.js
silly extracting entry lib/middleware/logger.js
silly extracting entry lib/middleware/favicon.js
silly extracting entry lib/middleware/cookieParser.js
silly extracting entry test/compiled/simple.css
silly extracting entry test/compiled/no-overqualifying.css
silly extracting entry test/compiled/no-IDs.css
silly extracting entry lib/middleware/session/memory.js
silly extracting entry lib/middleware/session/cookie.js
silly extracting entry test/compiled/blog.css
silly extracting entry test/compiled/no-JS.css
silly extracting entry lib/middleware/session/session.js
silly extracting entry test/sprite.png
silly extracting entry test/fixtures/simple.css
silly extracting entry test/fixtures/no-underscores.css
silly extracting entry test/fixtures/prefixes.css
silly extracting entry test/fixtures/universal-selectors.css
silly extracting entry test/fixtures/inline-images.css
silly extracting entry test/fixtures/zero-units.css
silly extracting entry lib/middleware/session/store.js
silly extracting entry lib/public/error.html
silly extracting entry test/fixtures/property-order.css
silly extracting entry test/fixtures/no-overqualifying.css
silly extracting entry lib/public/icons/page_white_cd.png
silly extracting entry test/fixtures/no-IDs.css
silly extracting entry lib/public/icons/page_white_star.png
silly extracting entry test/fixtures/sprite.png
silly extracting entry lib/public/icons/page_white_dvd.png
silly extracting entry test/fixtures/blog.css
silly extracting entry lib/public/icons/page_white_c.png
silly extracting entry test/fixtures/no-JS.css
silly extracting entry lib/public/icons/page_white_magnify.png
silly extracting entry test/fixtures/preboot.less
silly extracting entry lib/public/icons/page_white_paintbrush.png
silly extracting entry lib/public/icons/page_white_tux.png
silly extracting entry lib/public/icons/page_white_zip.png
silly extracting entry lib/public/icons/page_white_key.png
silly extracting entry lib/public/icons/page_gear.png
silly extracting entry lib/public/icons/page_white_freehand.png
silly extracting entry lib/public/icons/page_paintbrush.png
silly extracting entry lib/public/icons/page_white_wrench.png
silly extracting entry lib/public/icons/page_white_error.png
silly extracting entry lib/public/icons/page_white_put.png
silly extracting entry lib/public/icons/page_white_database.png
silly extracting entry lib/public/icons/page_white_vector.png
silly extracting entry lib/public/icons/page_attach.png
silly extracting entry lib/public/icons/page_white_add.png
silly extracting entry lib/public/icons/page_white_paint.png
silly extracting entry lib/public/icons/page_white_find.png
silly extracting entry lib/public/icons/page_word.png
silly extracting entry lib/public/icons/page_white_excel.png
silly extracting entry lib/public/icons/page_white_acrobat.png
silly extracting entry lib/public/icons/page_excel.png
silly extracting entry lib/public/icons/page_world.png
silly extracting entry lib/public/icons/page_white_gear.png
silly extracting entry lib/public/icons/page_delete.png
silly extracting entry lib/public/icons/page_white_ruby.png
silly extracting entry lib/public/icons/page_white_width.png
silly extracting entry lib/public/icons/page_paste.png
silly extracting entry lib/public/icons/page_white_link.png
silly extracting entry lib/public/icons/page_white_coldfusion.png
silly extracting entry lib/public/icons/page_white_h.png
silly extracting entry lib/public/icons/page_white_code_red.png
silly extracting entry lib/public/icons/page_go.png
silly extracting entry lib/public/icons/page_save.png
silly extracting entry lib/public/icons/page_lightning.png
silly extracting entry lib/public/icons/page_white_compressed.png
silly extracting entry lib/public/icons/page_white_cup.png
silly extracting entry lib/public/icons/page_find.png
silly extracting entry lib/public/icons/page_white_code.png
silly extracting entry lib/public/icons/page_code.png
silly extracting entry lib/public/icons/page_white_office.png
silly extracting entry lib/public/icons/page_white_visualstudio.png
silly extracting entry lib/public/icons/page_error.png
silly extracting entry lib/public/icons/page_white_powerpoint.png
silly extracting entry lib/public/icons/page_white_horizontal.png
silly extracting entry lib/public/icons/page_refresh.png
silly extracting entry lib/public/icons/page_white_copy.png
silly extracting entry lib/public/icons/page_white_php.png
silly extracting entry lib/public/icons/page_white_get.png
silly extracting entry lib/public/icons/page_copy.png
silly extracting entry lib/public/icons/page_white_delete.png
silly extracting entry lib/public/icons/page_key.png
silly extracting entry lib/public/icons/page_link.png
silly extracting entry lib/public/icons/page_white_edit.png
silly extracting entry lib/public/icons/page_white_flash.png
silly extracting entry lib/public/icons/page_white_swoosh.png
silly extracting entry lib/public/icons/page_white_medal.png
silly extracting entry lib/public/icons/page_white_world.png
silly extracting entry lib/public/icons/page_white_text_width.png
silly extracting entry lib/public/icons/page_red.png
silly extracting entry lib/public/icons/page_white_go.png
silly extracting entry lib/public/icons/page_white.png
silly extracting entry lib/public/icons/page_edit.png
silly extracting entry lib/public/icons/page_white_stack.png
silly extracting entry lib/public/icons/page_white_word.png
silly extracting entry lib/public/icons/page_white_paste.png
silly extracting entry lib/public/icons/page_white_csharp.png
silly extracting entry lib/public/icons/page_white_picture.png
silly extracting entry lib/public/icons/page_white_lightning.png
silly extracting entry lib/public/icons/page_green.png
silly extracting entry lib/public/icons/page_white_cplusplus.png
silly extracting entry lib/public/icons/page.png
silly extracting entry lib/public/icons/page_white_camera.png
silly extracting entry lib/public/icons/page_white_text.png
silly extracting entry lib/public/icons/page_white_actionscript.png
silly extracting entry lib/public/icons/page_add.png
silly extracting entry lib/public/favicon.ico
silly extracting entry lib/public/directory.html
silly extracting entry lib/public/style.css
silly extracting entry .travis.yml
verbose caching /usr/local/lib/node_modules/jshint/package.json
verbose loadDefaults jshint@0.9.1
info preinstall jshint@0.9.1
verbose from cache /usr/local/lib/node_modules/jshint/package.json
verbose readDependencies: using package.json deps
verbose from cache /usr/local/lib/node_modules/jshint/package.json
verbose readDependencies: using package.json deps
verbose cache add [ 'minimatch@0.0.x', null ]
silly cache add: name, spec, args [ undefined, 'minimatch@0.0.x', [ 'minimatch@0.0.x', null ] ]
verbose parsed url { pathname: 'minimatch@0.0.x',
verbose parsed url   path: 'minimatch@0.0.x',
verbose parsed url   href: 'minimatch@0.0.x' }
silly cache add: name, spec, args [ 'minimatch', '0.0.x', [ 'minimatch', '0.0.x' ] ]
verbose parsed url { pathname: '0.0.x', path: '0.0.x', href: '0.0.x' }
verbose addNamed [ 'minimatch', '0.0.x' ]
verbose addNamed [ null, '>=0.0.0- <0.1.0-' ]
silly name, range, hasData [ 'minimatch', '>=0.0.0- <0.1.0-', false ]
verbose cache add [ 'cli@0.4.3', null ]
silly cache add: name, spec, args [ undefined, 'cli@0.4.3', [ 'cli@0.4.3', null ] ]
verbose parsed url { pathname: 'cli@0.4.3', path: 'cli@0.4.3', href: 'cli@0.4.3' }
silly cache add: name, spec, args [ 'cli', '0.4.3', [ 'cli', '0.4.3' ] ]
verbose parsed url { pathname: '0.4.3', path: '0.4.3', href: '0.4.3' }
verbose addNamed [ 'cli', '0.4.3' ]
verbose addNamed [ '0.4.3', '0.4.3' ]
verbose raw, before any munging cli/0.4.3
verbose url resolving [ 'https://registry.npmjs.org/', './cli/0.4.3' ]
verbose url resolved https://registry.npmjs.org/cli/0.4.3
verbose etag "CLM0BN5EAY4QSGX3JH2M8RLOL"
http GET https://registry.npmjs.org/cli/0.4.3
verbose raw, before any munging minimatch
verbose url resolving [ 'https://registry.npmjs.org/', './minimatch' ]
verbose url resolved https://registry.npmjs.org/minimatch
verbose etag "9EAGKKGZFA4MFMX5337O7M96E"
http GET https://registry.npmjs.org/minimatch
verbose caching /usr/local/lib/node_modules/uglify-js/package.json
verbose loadDefaults uglify-js@2.2.1
info preinstall uglify-js@2.2.1
verbose from cache /usr/local/lib/node_modules/uglify-js/package.json
verbose readDependencies: using package.json deps
verbose from cache /usr/local/lib/node_modules/uglify-js/package.json
verbose readDependencies: using package.json deps
verbose cache add [ 'source-map@~0.1.7', null ]
silly cache add: name, spec, args [ undefined, 'source-map@~0.1.7', [ 'source-map@~0.1.7', null ] ]
verbose parsed url { pathname: 'source-map@~0.1.7',
verbose parsed url   path: 'source-map@~0.1.7',
verbose parsed url   href: 'source-map@~0.1.7' }
silly cache add: name, spec, args [ 'source-map', '~0.1.7', [ 'source-map', '~0.1.7' ] ]
verbose parsed url { pathname: '~0.1.7', path: '~0.1.7', href: '~0.1.7' }
verbose addNamed [ 'source-map', '~0.1.7' ]
verbose addNamed [ null, '>=0.1.7- <0.2.0-' ]
silly name, range, hasData [ 'source-map', '>=0.1.7- <0.2.0-', false ]
verbose cache add [ 'optimist@~0.3.5', null ]
silly cache add: name, spec, args [ undefined, 'optimist@~0.3.5', [ 'optimist@~0.3.5', null ] ]
verbose parsed url { pathname: 'optimist@~0.3.5',
verbose parsed url   path: 'optimist@~0.3.5',
verbose parsed url   href: 'optimist@~0.3.5' }
silly cache add: name, spec, args [ 'optimist', '~0.3.5', [ 'optimist', '~0.3.5' ] ]
verbose parsed url { pathname: '~0.3.5', path: '~0.3.5', href: '~0.3.5' }
verbose addNamed [ 'optimist', '~0.3.5' ]
verbose addNamed [ null, '>=0.3.5- <0.4.0-' ]
silly name, range, hasData [ 'optimist', '>=0.3.5- <0.4.0-', false ]
verbose raw, before any munging optimist
verbose url resolving [ 'https://registry.npmjs.org/', './optimist' ]
verbose url resolved https://registry.npmjs.org/optimist
verbose etag "3T2VRAGARMNNMM78O3SHRX2OV"
http GET https://registry.npmjs.org/optimist
verbose raw, before any munging source-map
verbose url resolving [ 'https://registry.npmjs.org/', './source-map' ]
verbose url resolved https://registry.npmjs.org/source-map
verbose etag "12VS9KXBR39KS74BMC182PUBL"
http GET https://registry.npmjs.org/source-map
verbose caching /usr/local/lib/node_modules/recess/package.json
verbose loadDefaults recess@1.1.6
info preinstall recess@1.1.6
verbose from cache /usr/local/lib/node_modules/recess/package.json
verbose readDependencies: using package.json deps
verbose from cache /usr/local/lib/node_modules/recess/package.json
verbose readDependencies: using package.json deps
verbose cache add [ 'colors@>= 0.3.0', null ]
silly cache add: name, spec, args [ undefined, 'colors@>= 0.3.0', [ 'colors@>= 0.3.0', null ] ]
verbose parsed url { pathname: 'colors@', path: 'colors@', href: 'colors@' }
silly cache add: name, spec, args [ 'colors', '>= 0.3.0', [ 'colors', '>= 0.3.0' ] ]
verbose parsed url { pathname: '=', path: '=', href: '=' }
verbose addNamed [ 'colors', '>= 0.3.0' ]
verbose addNamed [ null, '>=0.3.0' ]
silly name, range, hasData [ 'colors', '>=0.3.0', false ]
verbose cache add [ 'nopt@>= 1.0.10', null ]
silly cache add: name, spec, args [ undefined, 'nopt@>= 1.0.10', [ 'nopt@>= 1.0.10', null ] ]
verbose parsed url { pathname: 'nopt@', path: 'nopt@', href: 'nopt@' }
silly cache add: name, spec, args [ 'nopt', '>= 1.0.10', [ 'nopt', '>= 1.0.10' ] ]
verbose parsed url { pathname: '=', path: '=', href: '=' }
verbose addNamed [ 'nopt', '>= 1.0.10' ]
verbose addNamed [ null, '>=1.0.10' ]
silly name, range, hasData [ 'nopt', '>=1.0.10', false ]
verbose cache add [ 'underscore@>= 1.2.1', null ]
silly cache add: name, spec, args [ undefined,
silly cache add: name, spec, args   'underscore@>= 1.2.1',
silly cache add: name, spec, args   [ 'underscore@>= 1.2.1', null ] ]
verbose parsed url { pathname: 'underscore@',
verbose parsed url   path: 'underscore@',
verbose parsed url   href: 'underscore@' }
silly cache add: name, spec, args [ 'underscore', '>= 1.2.1', [ 'underscore', '>= 1.2.1' ] ]
verbose parsed url { pathname: '=', path: '=', href: '=' }
verbose addNamed [ 'underscore', '>= 1.2.1' ]
verbose addNamed [ null, '>=1.2.1' ]
silly name, range, hasData [ 'underscore', '>=1.2.1', false ]
verbose raw, before any munging colors
verbose url resolving [ 'https://registry.npmjs.org/', './colors' ]
verbose url resolved https://registry.npmjs.org/colors
verbose etag "1K6WW6RVIO8OOUJFDXZ68Z25Z"
http GET https://registry.npmjs.org/colors
verbose raw, before any munging nopt
verbose url resolving [ 'https://registry.npmjs.org/', './nopt' ]
verbose url resolved https://registry.npmjs.org/nopt
verbose etag "CELGJ2D8PIDHLGBBRQVW3J1E2"
http GET https://registry.npmjs.org/nopt
verbose cache add [ 'watch@>= 0.5.1', null ]
silly cache add: name, spec, args [ undefined, 'watch@>= 0.5.1', [ 'watch@>= 0.5.1', null ] ]
verbose parsed url { pathname: 'watch@', path: 'watch@', href: 'watch@' }
silly cache add: name, spec, args [ 'watch', '>= 0.5.1', [ 'watch', '>= 0.5.1' ] ]
verbose parsed url { pathname: '=', path: '=', href: '=' }
verbose addNamed [ 'watch', '>= 0.5.1' ]
verbose addNamed [ null, '>=0.5.1' ]
silly name, range, hasData [ 'watch', '>=0.5.1', false ]
verbose cache add [ 'less@>= 1.3.0', null ]
silly cache add: name, spec, args [ undefined, 'less@>= 1.3.0', [ 'less@>= 1.3.0', null ] ]
verbose parsed url { pathname: 'less@', path: 'less@', href: 'less@' }
silly cache add: name, spec, args [ 'less', '>= 1.3.0', [ 'less', '>= 1.3.0' ] ]
verbose parsed url { pathname: '=', path: '=', href: '=' }
verbose addNamed [ 'less', '>= 1.3.0' ]
verbose addNamed [ null, '>=1.3.0' ]
silly name, range, hasData [ 'less', '>=1.3.0', false ]
verbose raw, before any munging underscore
verbose url resolving [ 'https://registry.npmjs.org/', './underscore' ]
verbose url resolved https://registry.npmjs.org/underscore
verbose etag "2X87RQI1DHE7654UVO0HJG7KI"
http GET https://registry.npmjs.org/underscore
verbose raw, before any munging watch
verbose url resolving [ 'https://registry.npmjs.org/', './watch' ]
verbose url resolved https://registry.npmjs.org/watch
verbose etag "7WZH63RVY3CXRG8WRDWZHSNKE"
http GET https://registry.npmjs.org/watch
verbose raw, before any munging less
verbose url resolving [ 'https://registry.npmjs.org/', './less' ]
verbose url resolved https://registry.npmjs.org/less
verbose etag "3S86PWVSQ691FP84HVZYWGS0U"
http GET https://registry.npmjs.org/less
verbose caching /usr/local/lib/node_modules/connect/package.json
verbose loadDefaults connect@2.7.0
info preinstall connect@2.7.0
verbose from cache /usr/local/lib/node_modules/connect/package.json
verbose readDependencies: using package.json deps
verbose from cache /usr/local/lib/node_modules/connect/package.json
verbose readDependencies: using package.json deps
verbose cache add [ 'qs@0.5.1', null ]
silly cache add: name, spec, args [ undefined, 'qs@0.5.1', [ 'qs@0.5.1', null ] ]
verbose parsed url { pathname: 'qs@0.5.1', path: 'qs@0.5.1', href: 'qs@0.5.1' }
silly cache add: name, spec, args [ 'qs', '0.5.1', [ 'qs', '0.5.1' ] ]
verbose parsed url { pathname: '0.5.1', path: '0.5.1', href: '0.5.1' }
verbose addNamed [ 'qs', '0.5.1' ]
verbose addNamed [ '0.5.1', '0.5.1' ]
verbose cache add [ 'formidable@1.0.11', null ]
silly cache add: name, spec, args [ undefined, 'formidable@1.0.11', [ 'formidable@1.0.11', null ] ]
verbose parsed url { pathname: 'formidable@1.0.11',
verbose parsed url   path: 'formidable@1.0.11',
verbose parsed url   href: 'formidable@1.0.11' }
silly cache add: name, spec, args [ 'formidable', '1.0.11', [ 'formidable', '1.0.11' ] ]
verbose parsed url { pathname: '1.0.11', path: '1.0.11', href: '1.0.11' }
verbose addNamed [ 'formidable', '1.0.11' ]
verbose addNamed [ '1.0.11', '1.0.11' ]
verbose cache add [ 'cookie-signature@0.0.1', null ]
silly cache add: name, spec, args [ undefined,
silly cache add: name, spec, args   'cookie-signature@0.0.1',
silly cache add: name, spec, args   [ 'cookie-signature@0.0.1', null ] ]
verbose parsed url { pathname: 'cookie-signature@0.0.1',
verbose parsed url   path: 'cookie-signature@0.0.1',
verbose parsed url   href: 'cookie-signature@0.0.1' }
silly cache add: name, spec, args [ 'cookie-signature', '0.0.1', [ 'cookie-signature', '0.0.1' ] ]
verbose parsed url { pathname: '0.0.1', path: '0.0.1', href: '0.0.1' }
verbose addNamed [ 'cookie-signature', '0.0.1' ]
verbose addNamed [ '0.0.1', '0.0.1' ]
verbose cache add [ 'crc@0.2.0', null ]
silly cache add: name, spec, args [ undefined, 'crc@0.2.0', [ 'crc@0.2.0', null ] ]
verbose parsed url { pathname: 'crc@0.2.0', path: 'crc@0.2.0', href: 'crc@0.2.0' }
silly cache add: name, spec, args [ 'crc', '0.2.0', [ 'crc', '0.2.0' ] ]
verbose parsed url { pathname: '0.2.0', path: '0.2.0', href: '0.2.0' }
verbose addNamed [ 'crc', '0.2.0' ]
verbose addNamed [ '0.2.0', '0.2.0' ]
verbose cache add [ 'cookie@0.0.5', null ]
silly cache add: name, spec, args [ undefined, 'cookie@0.0.5', [ 'cookie@0.0.5', null ] ]
verbose parsed url { pathname: 'cookie@0.0.5',
verbose parsed url   path: 'cookie@0.0.5',
verbose parsed url   href: 'cookie@0.0.5' }
silly cache add: name, spec, args [ 'cookie', '0.0.5', [ 'cookie', '0.0.5' ] ]
verbose parsed url { pathname: '0.0.5', path: '0.0.5', href: '0.0.5' }
verbose addNamed [ 'cookie', '0.0.5' ]
verbose addNamed [ '0.0.5', '0.0.5' ]
verbose cache add [ 'bytes@0.1.0', null ]
silly cache add: name, spec, args [ undefined, 'bytes@0.1.0', [ 'bytes@0.1.0', null ] ]
verbose parsed url { pathname: 'bytes@0.1.0',
verbose parsed url   path: 'bytes@0.1.0',
verbose parsed url   href: 'bytes@0.1.0' }
silly cache add: name, spec, args [ 'bytes', '0.1.0', [ 'bytes', '0.1.0' ] ]
verbose parsed url { pathname: '0.1.0', path: '0.1.0', href: '0.1.0' }
verbose addNamed [ 'bytes', '0.1.0' ]
verbose addNamed [ '0.1.0', '0.1.0' ]
verbose cache add [ 'send@0.1.0', null ]
silly cache add: name, spec, args [ undefined, 'send@0.1.0', [ 'send@0.1.0', null ] ]
verbose parsed url { pathname: 'send@0.1.0',
verbose parsed url   path: 'send@0.1.0',
verbose parsed url   href: 'send@0.1.0' }
silly cache add: name, spec, args [ 'send', '0.1.0', [ 'send', '0.1.0' ] ]
verbose parsed url { pathname: '0.1.0', path: '0.1.0', href: '0.1.0' }
verbose addNamed [ 'send', '0.1.0' ]
verbose addNamed [ '0.1.0', '0.1.0' ]
verbose cache add [ 'fresh@0.1.0', null ]
silly cache add: name, spec, args [ undefined, 'fresh@0.1.0', [ 'fresh@0.1.0', null ] ]
verbose parsed url { pathname: 'fresh@0.1.0',
verbose parsed url   path: 'fresh@0.1.0',
verbose parsed url   href: 'fresh@0.1.0' }
silly cache add: name, spec, args [ 'fresh', '0.1.0', [ 'fresh', '0.1.0' ] ]
verbose parsed url { pathname: '0.1.0', path: '0.1.0', href: '0.1.0' }
verbose addNamed [ 'fresh', '0.1.0' ]
verbose addNamed [ '0.1.0', '0.1.0' ]
verbose cache add [ 'pause@0.0.1', null ]
silly cache add: name, spec, args [ undefined, 'pause@0.0.1', [ 'pause@0.0.1', null ] ]
verbose parsed url { pathname: 'pause@0.0.1',
verbose parsed url   path: 'pause@0.0.1',
verbose parsed url   href: 'pause@0.0.1' }
silly cache add: name, spec, args [ 'pause', '0.0.1', [ 'pause', '0.0.1' ] ]
verbose parsed url { pathname: '0.0.1', path: '0.0.1', href: '0.0.1' }
verbose addNamed [ 'pause', '0.0.1' ]
verbose addNamed [ '0.0.1', '0.0.1' ]
verbose cache add [ 'debug@*', null ]
silly cache add: name, spec, args [ undefined, 'debug@*', [ 'debug@*', null ] ]
verbose parsed url { pathname: 'debug@*', path: 'debug@*', href: 'debug@*' }
silly cache add: name, spec, args [ 'debug', '*', [ 'debug', '*' ] ]
verbose parsed url { pathname: '*', path: '*', href: '*' }
verbose addNamed [ 'debug', '*' ]
verbose addNamed [ null, '' ]
silly name, range, hasData [ 'debug', '', false ]
verbose raw, before any munging qs/0.5.1
verbose url resolving [ 'https://registry.npmjs.org/', './qs/0.5.1' ]
verbose url resolved https://registry.npmjs.org/qs/0.5.1
verbose etag "9ACOOSG37E5BN7QSY59OD31D0"
http GET https://registry.npmjs.org/qs/0.5.1
verbose raw, before any munging formidable/1.0.11
verbose url resolving [ 'https://registry.npmjs.org/', './formidable/1.0.11' ]
verbose url resolved https://registry.npmjs.org/formidable/1.0.11
verbose etag "7EULH7Y330OZAZ774IFM9PS7Q"
http GET https://registry.npmjs.org/formidable/1.0.11
verbose raw, before any munging cookie-signature/0.0.1
verbose url resolving [ 'https://registry.npmjs.org/', './cookie-signature/0.0.1' ]
verbose url resolved https://registry.npmjs.org/cookie-signature/0.0.1
verbose etag "DYBEPD0KKKOEQ0CN084I0KGAE"
http GET https://registry.npmjs.org/cookie-signature/0.0.1
verbose raw, before any munging crc/0.2.0
verbose url resolving [ 'https://registry.npmjs.org/', './crc/0.2.0' ]
verbose url resolved https://registry.npmjs.org/crc/0.2.0
verbose etag "C0BGMK5C4Y2J8KRM83QOTUY4U"
http GET https://registry.npmjs.org/crc/0.2.0
verbose raw, before any munging cookie/0.0.5
verbose url resolving [ 'https://registry.npmjs.org/', './cookie/0.0.5' ]
verbose url resolved https://registry.npmjs.org/cookie/0.0.5
verbose etag "ANC2JFZR4WAZ37PL1NHVC03U3"
http GET https://registry.npmjs.org/cookie/0.0.5
verbose raw, before any munging bytes/0.1.0
verbose url resolving [ 'https://registry.npmjs.org/', './bytes/0.1.0' ]
verbose url resolved https://registry.npmjs.org/bytes/0.1.0
verbose etag "8N81S7URRYT0SCBW71PHV2DV9"
http GET https://registry.npmjs.org/bytes/0.1.0
verbose raw, before any munging send/0.1.0
verbose url resolving [ 'https://registry.npmjs.org/', './send/0.1.0' ]
verbose url resolved https://registry.npmjs.org/send/0.1.0
verbose etag "EAY4GFY2SVUQPESD8JYYMOKQ7"
http GET https://registry.npmjs.org/send/0.1.0
verbose raw, before any munging fresh/0.1.0
verbose url resolving [ 'https://registry.npmjs.org/', './fresh/0.1.0' ]
verbose url resolved https://registry.npmjs.org/fresh/0.1.0
verbose etag "77B6VRU58E4IE6KUOEJU987WG"
http GET https://registry.npmjs.org/fresh/0.1.0
verbose raw, before any munging pause/0.0.1
verbose url resolving [ 'https://registry.npmjs.org/', './pause/0.0.1' ]
verbose url resolved https://registry.npmjs.org/pause/0.0.1
verbose etag "A5RQHA7UP2E66VXKWWB07KPBP"
http GET https://registry.npmjs.org/pause/0.0.1
verbose raw, before any munging debug
verbose url resolving [ 'https://registry.npmjs.org/', './debug' ]
verbose url resolved https://registry.npmjs.org/debug
verbose etag "59FK4FRE43E3SJ92QJ5AIU6IS"
http GET https://registry.npmjs.org/debug
http 304 https://registry.npmjs.org/source-map
silly get cb [ 304,
silly get cb   { server: 'CouchDB/1.2.0 (Erlang OTP/R15B)',
silly get cb     etag: '"12VS9KXBR39KS74BMC182PUBL"',
silly get cb     date: 'Mon, 26 Nov 2012 05:04:29 GMT',
silly get cb     'content-length': '0' } ]
verbose etag source-map from cache
silly name, range, hasData 2 [ 'source-map', '>=0.1.7- <0.2.0-', true ]
silly versions [ 'source-map',
silly versions   [ '0.0.0', '0.1.0', '0.1.1', '0.1.2', '0.1.3' ] ]
verbose about to build /usr/local/lib/node_modules/uglify-js
info unbuild /usr/local/lib/node_modules/uglify-js
verbose from cache /usr/local/lib/node_modules/uglify-js/package.json
info preuninstall uglify-js@2.2.1
info uninstall uglify-js@2.2.1
verbose unbuild uglify-js@2.2.1 [ true,
verbose unbuild uglify-js@2.2.1   '/usr/local/lib/node_modules',
verbose unbuild uglify-js@2.2.1   '/usr/local/lib/node_modules' ]
verbose binRoot [ '/usr/local/bin', { uglifyjs: 'bin/uglifyjs' } ]
info postuninstall uglify-js@2.2.1
http 304 https://registry.npmjs.org/colors
silly get cb [ 304,
silly get cb   { server: 'CouchDB/1.2.0 (Erlang OTP/R15B)',
silly get cb     etag: '"1K6WW6RVIO8OOUJFDXZ68Z25Z"',
silly get cb     date: 'Mon, 26 Nov 2012 05:04:29 GMT',
silly get cb     'content-length': '0' } ]
verbose etag colors from cache
http 304 https://registry.npmjs.org/nopt
silly get cb [ 304,
silly get cb   { server: 'CouchDB/1.2.0 (Erlang OTP/R15B)',
silly get cb     etag: '"CELGJ2D8PIDHLGBBRQVW3J1E2"',
silly get cb     date: 'Mon, 26 Nov 2012 05:04:29 GMT',
silly get cb     'content-length': '0' } ]
verbose etag nopt from cache
silly name, range, hasData 2 [ 'colors', '>=0.3.0', true ]
silly versions [ 'colors', [ '0.3.0', '0.5.0', '0.5.1', '0.6.0', '0.6.0-1' ] ]
verbose bin dist [ '0.6-ares1.7.5-DEV-evundefined-openssl0.9.8o-v83.6.6.25-linux-ia32-2.6.38-13-generic',
verbose bin dist   { shasum: '6dbb68ceb8bc60f2b313dcc5ce1599f06d19e67a',
verbose bin dist     tarball: 'http://registry.npmjs.org/colors/-/colors-0.6.0-1.tgz' } ]
ERR! Error: No compatible version found: source-map@'>=0.1.7- <0.2.0-'
ERR! Valid install targets:
ERR! ["0.0.0","0.1.0","0.1.1","0.1.2","0.1.3"]
ERR!     at installTargetsError (/usr/local/lib/node_modules/npm/lib/cache.js:496:10)
ERR!     at next_ (/usr/local/lib/node_modules/npm/lib/cache.js:446:17)
ERR!     at next (/usr/local/lib/node_modules/npm/lib/cache.js:423:44)
ERR!     at /usr/local/lib/node_modules/npm/lib/cache.js:416:5
ERR!     at saved (/usr/local/lib/node_modules/npm/lib/utils/npm-registry-client/get.js:151:7)
ERR!     at Object.oncomplete (/usr/local/lib/node_modules/npm/node_modules/graceful-fs/graceful-fs.js:230:7)
ERR! You may report this log at:
ERR!     <http://github.com/isaacs/npm/issues>
ERR! or email it to:
ERR!     <npm-@googlegroups.com>
ERR! 
ERR! System Linux 2.6.38-13-generic
ERR! command "node" "/usr/local/bin/npm" "install" "recess" "connect" "uglify-js" "jshint" "-g"
ERR! cwd /home/max/Documents/lts/lifetime/bootstrap
ERR! node -v v0.6.19
ERR! npm -v 1.1.24
ERR! message No compatible version found: source-map@'>=0.1.7- <0.2.0-'
ERR! message Valid install targets:
ERR! message ["0.0.0","0.1.0","0.1.1","0.1.2","0.1.3"]
verbose exit [ 1, true ]
